<?xml version="1.0" encoding="UTF-8"?>
<!-- Generated by org.testng.reporters.JUnitReportReporter -->
<testsuite skipped="0" hostname="LAPTOP-PFJSNPSM" name="com.org.testcases.TestAmazonApplication" tests="2" failures="0" timestamp="2021-03-04T00:18:58 IST" time="12.894" errors="0">
  <testcase name="loginApp" time="7.147" classname="com.org.testcases.TestAmazonApplication"/>
  <system-out/>
  <testcase name="allLinks" time="5.747" classname="com.org.testcases.TestAmazonApplication"/>
  <system-out/>
</testsuite> <!-- com.org.testcases.TestAmazonApplication -->
